2025-06-11 15:10:25,434 - __main__ - ERROR - run_local - _log_system_health - Health monitoring error: (builtins.TypeError) SQLite DateTime type only accepts Python datetime and date objects as input.
[SQL: INSERT INTO system_health (timestamp, cpu_usage, memory_usage, disk_usage, camera_status, frame_rate, detection_latency, network_status, api_response_time) VALUES (?, ?, ?, ?, ?, ?, ?, ?, ?)]
[parameters: [{'memory_usage': 78.6, 'detection_latency': 0.0, 'timestamp': 1749629425.4335482, 'frame_rate': 0.0, 'network_status': 'online', 'disk_usage': 34.8, 'cpu_usage': 87.2, 'api_response_time': 0, 'camera_status': 'online'}]]
2025-06-11 15:14:38,993 - __main__ - ERROR - run_local - _log_system_health - Health monitoring error: (builtins.TypeError) SQLite DateTime type only accepts Python datetime and date objects as input.
[SQL: INSERT INTO system_health (timestamp, cpu_usage, memory_usage, disk_usage, camera_status, frame_rate, detection_latency, network_status, api_response_time) VALUES (?, ?, ?, ?, ?, ?, ?, ?, ?)]
[parameters: [{'cpu_usage': 33.9, 'network_status': 'online', 'frame_rate': 0.0, 'api_response_time': 0, 'memory_usage': 77.5, 'timestamp': 1749629678.9933317, 'camera_status': 'online', 'detection_latency': 0.0, 'disk_usage': 34.8}]]
2025-06-11 19:28:51,691 - __main__ - ERROR - run_local - _handle_fall_detection - Fall detection handling error: (builtins.TypeError) Object of type float32 is not JSON serializable
[SQL: INSERT INTO incidents (timestamp, camera_id, confidence, leaning_angle, keypoint_correlation, pose_data, status, resolved_at, resolved_by, location, created_at, updated_at) VALUES (?, ?, ?, ?, ?, ?, ?, ?, ?, ?, ?, ?)]
[parameters: [{'confidence': 0.95, 'location': 'Living Room', 'pose_data': {'keypoints': [{'name': 'left_shoulder', 'index': 5, 'x': 41.0, 'y': 60.0, 'confidence':  ... (553 characters truncated) ... p': datetime.datetime(2025, 6, 11, 19, 28, 51, 625050), 'keypoint_correlation': None, 'resolved_by': None, 'leaning_angle': None, 'resolved_at': None}]]
2025-06-11 19:28:51,902 - __main__ - ERROR - run_local - _handle_fall_detection - Fall detection handling error: (builtins.TypeError) Object of type float32 is not JSON serializable
[SQL: INSERT INTO incidents (timestamp, camera_id, confidence, leaning_angle, keypoint_correlation, pose_data, status, resolved_at, resolved_by, location, created_at, updated_at) VALUES (?, ?, ?, ?, ?, ?, ?, ?, ?, ?, ?, ?)]
[parameters: [{'confidence': 0.95, 'location': 'Living Room', 'pose_data': {'keypoints': [{'name': 'left_shoulder', 'index': 5, 'x': 179.0, 'y': 33.0, 'confidence': ... (554 characters truncated) ... p': datetime.datetime(2025, 6, 11, 19, 28, 51, 828481), 'keypoint_correlation': None, 'resolved_by': None, 'leaning_angle': None, 'resolved_at': None}]]
2025-06-11 19:28:52,109 - __main__ - ERROR - run_local - _handle_fall_detection - Fall detection handling error: (builtins.TypeError) Object of type float32 is not JSON serializable
[SQL: INSERT INTO incidents (timestamp, camera_id, confidence, leaning_angle, keypoint_correlation, pose_data, status, resolved_at, resolved_by, location, created_at, updated_at) VALUES (?, ?, ?, ?, ?, ?, ?, ?, ?, ?, ?, ?)]
[parameters: [{'confidence': 0.95, 'location': 'Living Room', 'pose_data': {'keypoints': [{'name': 'left_shoulder', 'index': 5, 'x': 48.0, 'y': 63.0, 'confidence':  ... (552 characters truncated) ... mp': datetime.datetime(2025, 6, 11, 19, 28, 52, 33158), 'keypoint_correlation': None, 'resolved_by': None, 'leaning_angle': None, 'resolved_at': None}]]
2025-06-11 19:28:52,274 - __main__ - ERROR - run_local - _handle_fall_detection - Fall detection handling error: (builtins.TypeError) Object of type float32 is not JSON serializable
[SQL: INSERT INTO incidents (timestamp, camera_id, confidence, leaning_angle, keypoint_correlation, pose_data, status, resolved_at, resolved_by, location, created_at, updated_at) VALUES (?, ?, ?, ?, ?, ?, ?, ?, ?, ?, ?, ?)]
[parameters: [{'confidence': 0.95, 'location': 'Living Room', 'pose_data': {'keypoints': [{'name': 'left_shoulder', 'index': 5, 'x': 58.0, 'y': 67.0, 'confidence':  ... (554 characters truncated) ... p': datetime.datetime(2025, 6, 11, 19, 28, 52, 237663), 'keypoint_correlation': None, 'resolved_by': None, 'leaning_angle': None, 'resolved_at': None}]]
2025-06-11 19:28:52,481 - __main__ - ERROR - run_local - _handle_fall_detection - Fall detection handling error: (builtins.TypeError) Object of type float32 is not JSON serializable
[SQL: INSERT INTO incidents (timestamp, camera_id, confidence, leaning_angle, keypoint_correlation, pose_data, status, resolved_at, resolved_by, location, created_at, updated_at) VALUES (?, ?, ?, ?, ?, ?, ?, ?, ?, ?, ?, ?)]
[parameters: [{'confidence': 0.95, 'location': 'Living Room', 'pose_data': {'keypoints': [{'name': 'left_shoulder', 'index': 5, 'x': 64.0, 'y': 68.0, 'confidence':  ... (553 characters truncated) ... p': datetime.datetime(2025, 6, 11, 19, 28, 52, 438048), 'keypoint_correlation': None, 'resolved_by': None, 'leaning_angle': None, 'resolved_at': None}]]
2025-06-11 19:28:52,712 - __main__ - ERROR - run_local - _handle_fall_detection - Fall detection handling error: (builtins.TypeError) Object of type float32 is not JSON serializable
[SQL: INSERT INTO incidents (timestamp, camera_id, confidence, leaning_angle, keypoint_correlation, pose_data, status, resolved_at, resolved_by, location, created_at, updated_at) VALUES (?, ?, ?, ?, ?, ?, ?, ?, ?, ?, ?, ?)]
[parameters: [{'confidence': 0.95, 'location': 'Living Room', 'pose_data': {'keypoints': [{'name': 'left_shoulder', 'index': 5, 'x': 65.0, 'y': 67.0, 'confidence':  ... (553 characters truncated) ... p': datetime.datetime(2025, 6, 11, 19, 28, 52, 639932), 'keypoint_correlation': None, 'resolved_by': None, 'leaning_angle': None, 'resolved_at': None}]]
2025-06-11 19:28:55,157 - __main__ - ERROR - run_local - _handle_fall_detection - Fall detection handling error: (builtins.TypeError) Object of type float32 is not JSON serializable
[SQL: INSERT INTO incidents (timestamp, camera_id, confidence, leaning_angle, keypoint_correlation, pose_data, status, resolved_at, resolved_by, location, created_at, updated_at) VALUES (?, ?, ?, ?, ?, ?, ?, ?, ?, ?, ?, ?)]
[parameters: [{'confidence': 0.95, 'location': 'Living Room', 'pose_data': {'keypoints': [{'name': 'left_shoulder', 'index': 5, 'x': 41.0, 'y': 49.0, 'confidence':  ... (549 characters truncated) ... mp': datetime.datetime(2025, 6, 11, 19, 28, 55, 81623), 'keypoint_correlation': None, 'resolved_by': None, 'leaning_angle': None, 'resolved_at': None}]]
2025-06-11 19:28:55,557 - __main__ - ERROR - run_local - _handle_fall_detection - Fall detection handling error: (builtins.TypeError) Object of type float32 is not JSON serializable
[SQL: INSERT INTO incidents (timestamp, camera_id, confidence, leaning_angle, keypoint_correlation, pose_data, status, resolved_at, resolved_by, location, created_at, updated_at) VALUES (?, ?, ?, ?, ?, ?, ?, ?, ?, ?, ?, ?)]
[parameters: [{'confidence': 0.95, 'location': 'Living Room', 'pose_data': {'keypoints': [{'name': 'left_shoulder', 'index': 5, 'x': 56.0, 'y': 52.0, 'confidence':  ... (552 characters truncated) ... p': datetime.datetime(2025, 6, 11, 19, 28, 55, 489591), 'keypoint_correlation': None, 'resolved_by': None, 'leaning_angle': None, 'resolved_at': None}]]
2025-06-11 19:28:57,193 - __main__ - ERROR - run_local - _handle_fall_detection - Fall detection handling error: (builtins.TypeError) Object of type float32 is not JSON serializable
[SQL: INSERT INTO incidents (timestamp, camera_id, confidence, leaning_angle, keypoint_correlation, pose_data, status, resolved_at, resolved_by, location, created_at, updated_at) VALUES (?, ?, ?, ?, ?, ?, ?, ?, ?, ?, ?, ?)]
[parameters: [{'confidence': 0.95, 'location': 'Living Room', 'pose_data': {'keypoints': [{'name': 'left_shoulder', 'index': 5, 'x': 144.0, 'y': 41.0, 'confidence': ... (559 characters truncated) ... p': datetime.datetime(2025, 6, 11, 19, 28, 57, 126446), 'keypoint_correlation': None, 'resolved_by': None, 'leaning_angle': None, 'resolved_at': None}]]
2025-06-11 19:29:00,863 - __main__ - ERROR - run_local - _handle_fall_detection - Fall detection handling error: (builtins.TypeError) Object of type float32 is not JSON serializable
[SQL: INSERT INTO incidents (timestamp, camera_id, confidence, leaning_angle, keypoint_correlation, pose_data, status, resolved_at, resolved_by, location, created_at, updated_at) VALUES (?, ?, ?, ?, ?, ?, ?, ?, ?, ?, ?, ?)]
[parameters: [{'confidence': 0.95, 'location': 'Living Room', 'pose_data': {'keypoints': [{'name': 'left_shoulder', 'index': 5, 'x': 80.0, 'y': 72.0, 'confidence':  ... (556 characters truncated) ... mp': datetime.datetime(2025, 6, 11, 19, 29, 0, 796771), 'keypoint_correlation': None, 'resolved_by': None, 'leaning_angle': None, 'resolved_at': None}]]
2025-06-11 19:29:01,065 - __main__ - ERROR - run_local - _handle_fall_detection - Fall detection handling error: (builtins.TypeError) Object of type float32 is not JSON serializable
[SQL: INSERT INTO incidents (timestamp, camera_id, confidence, leaning_angle, keypoint_correlation, pose_data, status, resolved_at, resolved_by, location, created_at, updated_at) VALUES (?, ?, ?, ?, ?, ?, ?, ?, ?, ?, ?, ?)]
[parameters: [{'confidence': 0.95, 'location': 'Living Room', 'pose_data': {'keypoints': [{'name': 'left_shoulder', 'index': 5, 'x': 78.0, 'y': 73.0, 'confidence':  ... (555 characters truncated) ... tamp': datetime.datetime(2025, 6, 11, 19, 29, 1, 3018), 'keypoint_correlation': None, 'resolved_by': None, 'leaning_angle': None, 'resolved_at': None}]]
2025-06-11 19:29:01,278 - __main__ - ERROR - run_local - _handle_fall_detection - Fall detection handling error: (builtins.TypeError) Object of type float32 is not JSON serializable
[SQL: INSERT INTO incidents (timestamp, camera_id, confidence, leaning_angle, keypoint_correlation, pose_data, status, resolved_at, resolved_by, location, created_at, updated_at) VALUES (?, ?, ?, ?, ?, ?, ?, ?, ?, ?, ?, ?)]
[parameters: [{'confidence': 0.95, 'location': 'Living Room', 'pose_data': {'keypoints': [{'name': 'left_shoulder', 'index': 5, 'x': 77.0, 'y': 72.0, 'confidence':  ... (554 characters truncated) ... mp': datetime.datetime(2025, 6, 11, 19, 29, 1, 209538), 'keypoint_correlation': None, 'resolved_by': None, 'leaning_angle': None, 'resolved_at': None}]]
2025-06-11 19:29:01,452 - __main__ - ERROR - run_local - _handle_fall_detection - Fall detection handling error: (builtins.TypeError) Object of type float32 is not JSON serializable
[SQL: INSERT INTO incidents (timestamp, camera_id, confidence, leaning_angle, keypoint_correlation, pose_data, status, resolved_at, resolved_by, location, created_at, updated_at) VALUES (?, ?, ?, ?, ?, ?, ?, ?, ?, ?, ?, ?)]
[parameters: [{'confidence': 0.95, 'location': 'Living Room', 'pose_data': {'keypoints': [{'name': 'left_shoulder', 'index': 5, 'x': 143.0, 'y': 53.0, 'confidence': ... (559 characters truncated) ... mp': datetime.datetime(2025, 6, 11, 19, 29, 1, 413437), 'keypoint_correlation': None, 'resolved_by': None, 'leaning_angle': None, 'resolved_at': None}]]
2025-06-11 19:29:04,104 - __main__ - ERROR - run_local - _handle_fall_detection - Fall detection handling error: (builtins.TypeError) Object of type float32 is not JSON serializable
[SQL: INSERT INTO incidents (timestamp, camera_id, confidence, leaning_angle, keypoint_correlation, pose_data, status, resolved_at, resolved_by, location, created_at, updated_at) VALUES (?, ?, ?, ?, ?, ?, ?, ?, ?, ?, ?, ?)]
[parameters: [{'confidence': 0.95, 'location': 'Living Room', 'pose_data': {'keypoints': [{'name': 'left_shoulder', 'index': 5, 'x': 83.0, 'y': 70.0, 'confidence':  ... (554 characters truncated) ... amp': datetime.datetime(2025, 6, 11, 19, 29, 4, 55112), 'keypoint_correlation': None, 'resolved_by': None, 'leaning_angle': None, 'resolved_at': None}]]
2025-06-11 19:29:27,601 - __main__ - ERROR - run_local - _handle_fall_detection - Fall detection handling error: (builtins.TypeError) Object of type float32 is not JSON serializable
[SQL: INSERT INTO incidents (timestamp, camera_id, confidence, leaning_angle, keypoint_correlation, pose_data, status, resolved_at, resolved_by, location, created_at, updated_at) VALUES (?, ?, ?, ?, ?, ?, ?, ?, ?, ?, ?, ?)]
[parameters: [{'confidence': 0.95, 'location': 'Living Room', 'pose_data': {'keypoints': [{'name': 'left_shoulder', 'index': 5, 'x': 72.0, 'y': 163.0, 'confidence': ... (562 characters truncated) ... p': datetime.datetime(2025, 6, 11, 19, 29, 27, 475967), 'keypoint_correlation': None, 'resolved_by': None, 'leaning_angle': None, 'resolved_at': None}]]
2025-06-11 19:29:28,022 - __main__ - ERROR - run_local - _handle_fall_detection - Fall detection handling error: (builtins.TypeError) Object of type float32 is not JSON serializable
[SQL: INSERT INTO incidents (timestamp, camera_id, confidence, leaning_angle, keypoint_correlation, pose_data, status, resolved_at, resolved_by, location, created_at, updated_at) VALUES (?, ?, ?, ?, ?, ?, ?, ?, ?, ?, ?, ?)]
[parameters: [{'confidence': 0.95, 'location': 'Living Room', 'pose_data': {'keypoints': [{'name': 'left_shoulder', 'index': 5, 'x': 75.0, 'y': 161.0, 'confidence': ... (561 characters truncated) ... p': datetime.datetime(2025, 6, 11, 19, 29, 27, 883323), 'keypoint_correlation': None, 'resolved_by': None, 'leaning_angle': None, 'resolved_at': None}]]
2025-06-11 19:29:28,451 - __main__ - ERROR - run_local - _handle_fall_detection - Fall detection handling error: (builtins.TypeError) Object of type float32 is not JSON serializable
[SQL: INSERT INTO incidents (timestamp, camera_id, confidence, leaning_angle, keypoint_correlation, pose_data, status, resolved_at, resolved_by, location, created_at, updated_at) VALUES (?, ?, ?, ?, ?, ?, ?, ?, ?, ?, ?, ?)]
[parameters: [{'confidence': 0.95, 'location': 'Living Room', 'pose_data': {'keypoints': [{'name': 'left_shoulder', 'index': 5, 'x': 77.0, 'y': 161.0, 'confidence': ... (560 characters truncated) ... p': datetime.datetime(2025, 6, 11, 19, 29, 28, 289351), 'keypoint_correlation': None, 'resolved_by': None, 'leaning_angle': None, 'resolved_at': None}]]
2025-06-11 19:29:28,611 - __main__ - ERROR - run_local - _handle_fall_detection - Fall detection handling error: (builtins.TypeError) Object of type float32 is not JSON serializable
[SQL: INSERT INTO incidents (timestamp, camera_id, confidence, leaning_angle, keypoint_correlation, pose_data, status, resolved_at, resolved_by, location, created_at, updated_at) VALUES (?, ?, ?, ?, ?, ?, ?, ?, ?, ?, ?, ?)]
[parameters: [{'confidence': 0.95, 'location': 'Living Room', 'pose_data': {'keypoints': [{'name': 'left_shoulder', 'index': 5, 'x': 75.0, 'y': 161.0, 'confidence': ... (560 characters truncated) ... p': datetime.datetime(2025, 6, 11, 19, 29, 28, 492477), 'keypoint_correlation': None, 'resolved_by': None, 'leaning_angle': None, 'resolved_at': None}]]
2025-06-11 19:29:28,784 - __main__ - ERROR - run_local - _handle_fall_detection - Fall detection handling error: (builtins.TypeError) Object of type float32 is not JSON serializable
[SQL: INSERT INTO incidents (timestamp, camera_id, confidence, leaning_angle, keypoint_correlation, pose_data, status, resolved_at, resolved_by, location, created_at, updated_at) VALUES (?, ?, ?, ?, ?, ?, ?, ?, ?, ?, ?, ?)]
[parameters: [{'confidence': 0.95, 'location': 'Living Room', 'pose_data': {'keypoints': [{'name': 'left_shoulder', 'index': 5, 'x': 75.0, 'y': 159.0, 'confidence': ... (559 characters truncated) ... p': datetime.datetime(2025, 6, 11, 19, 29, 28, 693550), 'keypoint_correlation': None, 'resolved_by': None, 'leaning_angle': None, 'resolved_at': None}]]
2025-06-11 19:29:29,031 - __main__ - ERROR - run_local - _handle_fall_detection - Fall detection handling error: (builtins.TypeError) Object of type float32 is not JSON serializable
[SQL: INSERT INTO incidents (timestamp, camera_id, confidence, leaning_angle, keypoint_correlation, pose_data, status, resolved_at, resolved_by, location, created_at, updated_at) VALUES (?, ?, ?, ?, ?, ?, ?, ?, ?, ?, ?, ?)]
[parameters: [{'confidence': 0.95, 'location': 'Living Room', 'pose_data': {'keypoints': [{'name': 'left_shoulder', 'index': 5, 'x': 75.0, 'y': 161.0, 'confidence': ... (560 characters truncated) ... p': datetime.datetime(2025, 6, 11, 19, 29, 28, 895764), 'keypoint_correlation': None, 'resolved_by': None, 'leaning_angle': None, 'resolved_at': None}]]
2025-06-11 19:29:29,199 - __main__ - ERROR - run_local - _handle_fall_detection - Fall detection handling error: (builtins.TypeError) Object of type float32 is not JSON serializable
[SQL: INSERT INTO incidents (timestamp, camera_id, confidence, leaning_angle, keypoint_correlation, pose_data, status, resolved_at, resolved_by, location, created_at, updated_at) VALUES (?, ?, ?, ?, ?, ?, ?, ?, ?, ?, ?, ?)]
[parameters: [{'confidence': 0.95, 'location': 'Living Room', 'pose_data': {'keypoints': [{'name': 'left_shoulder', 'index': 5, 'x': 74.0, 'y': 160.0, 'confidence': ... (560 characters truncated) ... mp': datetime.datetime(2025, 6, 11, 19, 29, 29, 99560), 'keypoint_correlation': None, 'resolved_by': None, 'leaning_angle': None, 'resolved_at': None}]]
2025-06-11 19:29:40,153 - __main__ - ERROR - run_local - _handle_fall_detection - Fall detection handling error: (builtins.TypeError) Object of type float32 is not JSON serializable
[SQL: INSERT INTO incidents (timestamp, camera_id, confidence, leaning_angle, keypoint_correlation, pose_data, status, resolved_at, resolved_by, location, created_at, updated_at) VALUES (?, ?, ?, ?, ?, ?, ?, ?, ?, ?, ?, ?)]
[parameters: [{'confidence': 0.95, 'location': 'Living Room', 'pose_data': {'keypoints': [{'name': 'left_shoulder', 'index': 5, 'x': 105.0, 'y': 136.0, 'confidence' ... (564 characters truncated) ... mp': datetime.datetime(2025, 6, 11, 19, 29, 40, 82956), 'keypoint_correlation': None, 'resolved_by': None, 'leaning_angle': None, 'resolved_at': None}]]
2025-06-11 19:29:40,997 - __main__ - ERROR - run_local - _handle_fall_detection - Fall detection handling error: (builtins.TypeError) Object of type float32 is not JSON serializable
[SQL: INSERT INTO incidents (timestamp, camera_id, confidence, leaning_angle, keypoint_correlation, pose_data, status, resolved_at, resolved_by, location, created_at, updated_at) VALUES (?, ?, ?, ?, ?, ?, ?, ?, ?, ?, ?, ?)]
[parameters: [{'confidence': 0.95, 'location': 'Living Room', 'pose_data': {'keypoints': [{'name': 'left_shoulder', 'index': 5, 'x': 66.0, 'y': 165.0, 'confidence': ... (559 characters truncated) ... p': datetime.datetime(2025, 6, 11, 19, 29, 40, 896111), 'keypoint_correlation': None, 'resolved_by': None, 'leaning_angle': None, 'resolved_at': None}]]
2025-06-11 19:29:43,273 - __main__ - ERROR - run_local - _handle_fall_detection - Fall detection handling error: (builtins.TypeError) Object of type float32 is not JSON serializable
[SQL: INSERT INTO incidents (timestamp, camera_id, confidence, leaning_angle, keypoint_correlation, pose_data, status, resolved_at, resolved_by, location, created_at, updated_at) VALUES (?, ?, ?, ?, ?, ?, ?, ?, ?, ?, ?, ?)]
[parameters: [{'confidence': 0.95, 'location': 'Living Room', 'pose_data': {'keypoints': [{'name': 'left_shoulder', 'index': 5, 'x': 73.0, 'y': 158.0, 'confidence': ... (559 characters truncated) ... p': datetime.datetime(2025, 6, 11, 19, 29, 43, 136329), 'keypoint_correlation': None, 'resolved_by': None, 'leaning_angle': None, 'resolved_at': None}]]
2025-06-11 19:29:43,440 - __main__ - ERROR - run_local - _handle_fall_detection - Fall detection handling error: (builtins.TypeError) Object of type float32 is not JSON serializable
[SQL: INSERT INTO incidents (timestamp, camera_id, confidence, leaning_angle, keypoint_correlation, pose_data, status, resolved_at, resolved_by, location, created_at, updated_at) VALUES (?, ?, ?, ?, ?, ?, ?, ?, ?, ?, ?, ?)]
[parameters: [{'confidence': 0.95, 'location': 'Living Room', 'pose_data': {'keypoints': [{'name': 'left_shoulder', 'index': 5, 'x': 73.0, 'y': 162.0, 'confidence': ... (561 characters truncated) ... p': datetime.datetime(2025, 6, 11, 19, 29, 43, 338890), 'keypoint_correlation': None, 'resolved_by': None, 'leaning_angle': None, 'resolved_at': None}]]
2025-06-11 19:29:43,875 - __main__ - ERROR - run_local - _handle_fall_detection - Fall detection handling error: (builtins.TypeError) Object of type float32 is not JSON serializable
[SQL: INSERT INTO incidents (timestamp, camera_id, confidence, leaning_angle, keypoint_correlation, pose_data, status, resolved_at, resolved_by, location, created_at, updated_at) VALUES (?, ?, ?, ?, ?, ?, ?, ?, ?, ?, ?, ?)]
[parameters: [{'confidence': 0.95, 'location': 'Living Room', 'pose_data': {'keypoints': [{'name': 'left_shoulder', 'index': 5, 'x': 70.0, 'y': 158.0, 'confidence': ... (562 characters truncated) ... p': datetime.datetime(2025, 6, 11, 19, 29, 43, 743129), 'keypoint_correlation': None, 'resolved_by': None, 'leaning_angle': None, 'resolved_at': None}]]
2025-06-11 19:29:44,036 - __main__ - ERROR - run_local - _handle_fall_detection - Fall detection handling error: (builtins.TypeError) Object of type float32 is not JSON serializable
[SQL: INSERT INTO incidents (timestamp, camera_id, confidence, leaning_angle, keypoint_correlation, pose_data, status, resolved_at, resolved_by, location, created_at, updated_at) VALUES (?, ?, ?, ?, ?, ?, ?, ?, ?, ?, ?, ?)]
[parameters: [{'confidence': 0.95, 'location': 'Living Room', 'pose_data': {'keypoints': [{'name': 'left_shoulder', 'index': 5, 'x': 68.0, 'y': 159.0, 'confidence': ... (561 characters truncated) ... p': datetime.datetime(2025, 6, 11, 19, 29, 43, 944700), 'keypoint_correlation': None, 'resolved_by': None, 'leaning_angle': None, 'resolved_at': None}]]
2025-06-11 19:29:44,272 - __main__ - ERROR - run_local - _handle_fall_detection - Fall detection handling error: (builtins.TypeError) Object of type float32 is not JSON serializable
[SQL: INSERT INTO incidents (timestamp, camera_id, confidence, leaning_angle, keypoint_correlation, pose_data, status, resolved_at, resolved_by, location, created_at, updated_at) VALUES (?, ?, ?, ?, ?, ?, ?, ?, ?, ?, ?, ?)]
[parameters: [{'confidence': 0.95, 'location': 'Living Room', 'pose_data': {'keypoints': [{'name': 'left_shoulder', 'index': 5, 'x': 70.0, 'y': 158.0, 'confidence': ... (561 characters truncated) ... p': datetime.datetime(2025, 6, 11, 19, 29, 44, 146450), 'keypoint_correlation': None, 'resolved_by': None, 'leaning_angle': None, 'resolved_at': None}]]
2025-06-11 19:30:00,334 - __main__ - ERROR - run_local - _handle_fall_detection - Fall detection handling error: (builtins.TypeError) Object of type float32 is not JSON serializable
[SQL: INSERT INTO incidents (timestamp, camera_id, confidence, leaning_angle, keypoint_correlation, pose_data, status, resolved_at, resolved_by, location, created_at, updated_at) VALUES (?, ?, ?, ?, ?, ?, ?, ?, ?, ?, ?, ?)]
[parameters: [{'confidence': 0.95, 'location': 'Living Room', 'pose_data': {'keypoints': [{'name': 'left_shoulder', 'index': 5, 'x': 92.0, 'y': 150.0, 'confidence': ... (560 characters truncated) ... mp': datetime.datetime(2025, 6, 11, 19, 30, 0, 213333), 'keypoint_correlation': None, 'resolved_by': None, 'leaning_angle': None, 'resolved_at': None}]]
2025-06-11 19:30:01,782 - __main__ - ERROR - run_local - _handle_fall_detection - Fall detection handling error: (builtins.TypeError) Object of type float32 is not JSON serializable
[SQL: INSERT INTO incidents (timestamp, camera_id, confidence, leaning_angle, keypoint_correlation, pose_data, status, resolved_at, resolved_by, location, created_at, updated_at) VALUES (?, ?, ?, ?, ?, ?, ?, ?, ?, ?, ?, ?)]
[parameters: [{'confidence': 0.8515543341636658, 'location': 'Living Room', 'pose_data': {'keypoints': [{'name': 'right_shoulder', 'index': 6, 'x': 94.0, 'y': 165.0 ... (340 characters truncated) ... mp': datetime.datetime(2025, 6, 11, 19, 30, 1, 638803), 'keypoint_correlation': None, 'resolved_by': None, 'leaning_angle': None, 'resolved_at': None}]]
2025-06-11 19:30:05,415 - __main__ - ERROR - run_local - _handle_fall_detection - Fall detection handling error: (builtins.TypeError) Object of type float32 is not JSON serializable
[SQL: INSERT INTO incidents (timestamp, camera_id, confidence, leaning_angle, keypoint_correlation, pose_data, status, resolved_at, resolved_by, location, created_at, updated_at) VALUES (?, ?, ?, ?, ?, ?, ?, ?, ?, ?, ?, ?)]
[parameters: [{'confidence': 0.95, 'location': 'Living Room', 'pose_data': {'keypoints': [{'name': 'left_shoulder', 'index': 5, 'x': 91.0, 'y': 149.0, 'confidence': ... (560 characters truncated) ... mp': datetime.datetime(2025, 6, 11, 19, 30, 5, 286691), 'keypoint_correlation': None, 'resolved_by': None, 'leaning_angle': None, 'resolved_at': None}]]
2025-06-11 19:30:05,633 - __main__ - ERROR - run_local - _handle_fall_detection - Fall detection handling error: (builtins.TypeError) Object of type float32 is not JSON serializable
[SQL: INSERT INTO incidents (timestamp, camera_id, confidence, leaning_angle, keypoint_correlation, pose_data, status, resolved_at, resolved_by, location, created_at, updated_at) VALUES (?, ?, ?, ?, ?, ?, ?, ?, ?, ?, ?, ?)]
[parameters: [{'confidence': 0.95, 'location': 'Living Room', 'pose_data': {'keypoints': [{'name': 'left_shoulder', 'index': 5, 'x': 89.0, 'y': 150.0, 'confidence': ... (560 characters truncated) ... mp': datetime.datetime(2025, 6, 11, 19, 30, 5, 490065), 'keypoint_correlation': None, 'resolved_by': None, 'leaning_angle': None, 'resolved_at': None}]]
2025-06-11 19:30:29,637 - __main__ - ERROR - run_local - _handle_fall_detection - Fall detection handling error: (builtins.TypeError) Object of type float32 is not JSON serializable
[SQL: INSERT INTO incidents (timestamp, camera_id, confidence, leaning_angle, keypoint_correlation, pose_data, status, resolved_at, resolved_by, location, created_at, updated_at) VALUES (?, ?, ?, ?, ?, ?, ?, ?, ?, ?, ?, ?)]
[parameters: [{'confidence': 0.95, 'location': 'Living Room', 'pose_data': {'keypoints': [{'name': 'left_shoulder', 'index': 5, 'x': 142.0, 'y': 169.0, 'confidence' ... (565 characters truncated) ... p': datetime.datetime(2025, 6, 11, 19, 30, 29, 517333), 'keypoint_correlation': None, 'resolved_by': None, 'leaning_angle': None, 'resolved_at': None}]]
2025-06-11 19:30:29,813 - __main__ - ERROR - run_local - _handle_fall_detection - Fall detection handling error: (builtins.TypeError) Object of type float32 is not JSON serializable
[SQL: INSERT INTO incidents (timestamp, camera_id, confidence, leaning_angle, keypoint_correlation, pose_data, status, resolved_at, resolved_by, location, created_at, updated_at) VALUES (?, ?, ?, ?, ?, ?, ?, ?, ?, ?, ?, ?)]
[parameters: [{'confidence': 0.9401288866996764, 'location': 'Living Room', 'pose_data': {'keypoints': [{'name': 'left_shoulder', 'index': 5, 'x': 150.0, 'y': 175.0 ... (579 characters truncated) ... p': datetime.datetime(2025, 6, 11, 19, 30, 29, 722221), 'keypoint_correlation': None, 'resolved_by': None, 'leaning_angle': None, 'resolved_at': None}]]
2025-06-11 19:30:34,060 - __main__ - ERROR - run_local - _handle_fall_detection - Fall detection handling error: (builtins.TypeError) Object of type float32 is not JSON serializable
[SQL: INSERT INTO incidents (timestamp, camera_id, confidence, leaning_angle, keypoint_correlation, pose_data, status, resolved_at, resolved_by, location, created_at, updated_at) VALUES (?, ?, ?, ?, ?, ?, ?, ?, ?, ?, ?, ?)]
[parameters: [{'confidence': 0.95, 'location': 'Living Room', 'pose_data': {'keypoints': [{'name': 'left_shoulder', 'index': 5, 'x': 122.0, 'y': 129.0, 'confidence' ... (561 characters truncated) ... p': datetime.datetime(2025, 6, 11, 19, 30, 33, 987255), 'keypoint_correlation': None, 'resolved_by': None, 'leaning_angle': None, 'resolved_at': None}]]
2025-06-11 21:04:47,663 - __main__ - ERROR - run_local - _handle_fall_detection - Fall detection handling error: (builtins.TypeError) Object of type float32 is not JSON serializable
[SQL: INSERT INTO incidents (timestamp, camera_id, confidence, leaning_angle, keypoint_correlation, pose_data, status, resolved_at, resolved_by, location, created_at, updated_at) VALUES (?, ?, ?, ?, ?, ?, ?, ?, ?, ?, ?, ?)]
[parameters: [{'pose_data': {'keypoints': [{'name': 'left_shoulder', 'index': 5, 'x': 149.0, 'y': 133.0, 'confidence': 1.0}, {'name': 'left_hip', 'index': 11, 'x':  ... (560 characters truncated) ... mera_0', 'confidence': 0.95, 'location': 'Living Room', 'resolved_by': None, 'keypoint_correlation': None, 'leaning_angle': None, 'resolved_at': None}]]
2025-06-11 21:07:15,147 - __main__ - ERROR - run_local - _handle_fall_detection - Fall detection handling error: (builtins.TypeError) Object of type float32 is not JSON serializable
[SQL: INSERT INTO incidents (timestamp, camera_id, confidence, leaning_angle, keypoint_correlation, pose_data, status, resolved_at, resolved_by, location, created_at, updated_at) VALUES (?, ?, ?, ?, ?, ?, ?, ?, ?, ?, ?, ?)]
[parameters: [{'location': 'Living Room', 'camera_id': 'camera_0', 'timestamp': datetime.datetime(2025, 6, 11, 21, 7, 14, 732134), 'confidence': 0.95, 'pose_data':  ... (553 characters truncated) ... 'body_line_count': 2, 'timestamp': 1749650835.1417553}, 'leaning_angle': None, 'resolved_at': None, 'resolved_by': None, 'keypoint_correlation': None}]]
2025-06-11 21:07:28,370 - __main__ - ERROR - run_local - _handle_fall_detection - Fall detection handling error: (builtins.TypeError) Object of type float32 is not JSON serializable
[SQL: INSERT INTO incidents (timestamp, camera_id, confidence, leaning_angle, keypoint_correlation, pose_data, status, resolved_at, resolved_by, location, created_at, updated_at) VALUES (?, ?, ?, ?, ?, ?, ?, ?, ?, ?, ?, ?)]
[parameters: [{'location': 'Living Room', 'camera_id': 'camera_0', 'timestamp': datetime.datetime(2025, 6, 11, 21, 7, 28, 313156), 'confidence': 0.95, 'pose_data':  ... (565 characters truncated) ... 'body_line_count': 2, 'timestamp': 1749650848.3663487}, 'leaning_angle': None, 'resolved_at': None, 'resolved_by': None, 'keypoint_correlation': None}]]
2025-06-11 21:07:41,942 - __main__ - ERROR - run_local - _handle_fall_detection - Fall detection handling error: (builtins.TypeError) Object of type float32 is not JSON serializable
[SQL: INSERT INTO incidents (timestamp, camera_id, confidence, leaning_angle, keypoint_correlation, pose_data, status, resolved_at, resolved_by, location, created_at, updated_at) VALUES (?, ?, ?, ?, ?, ?, ?, ?, ?, ?, ?, ?)]
[parameters: [{'location': 'Living Room', 'camera_id': 'camera_0', 'timestamp': datetime.datetime(2025, 6, 11, 21, 7, 41, 884090), 'confidence': 0.95, 'pose_data':  ... (558 characters truncated) ... 'body_line_count': 2, 'timestamp': 1749650861.9377367}, 'leaning_angle': None, 'resolved_at': None, 'resolved_by': None, 'keypoint_correlation': None}]]
2025-06-11 21:10:10,409 - __main__ - ERROR - run_local - _handle_fall_detection - Fall detection handling error: (builtins.TypeError) Object of type float32 is not JSON serializable
[SQL: INSERT INTO incidents (timestamp, camera_id, confidence, leaning_angle, keypoint_correlation, pose_data, status, resolved_at, resolved_by, location, created_at, updated_at) VALUES (?, ?, ?, ?, ?, ?, ?, ?, ?, ?, ?, ?)]
[parameters: [{'location': 'Living Room', 'camera_id': 'camera_0', 'confidence': 0.95, 'timestamp': datetime.datetime(2025, 6, 11, 21, 10, 10, 332560), 'pose_data': ... (562 characters truncated) ... 'body_line_count': 2, 'timestamp': 1749651010.4008281}, 'leaning_angle': None, 'resolved_by': None, 'keypoint_correlation': None, 'resolved_at': None}]]
2025-06-11 21:10:19,808 - __main__ - ERROR - run_local - _handle_fall_detection - Fall detection handling error: (builtins.TypeError) Object of type float32 is not JSON serializable
[SQL: INSERT INTO incidents (timestamp, camera_id, confidence, leaning_angle, keypoint_correlation, pose_data, status, resolved_at, resolved_by, location, created_at, updated_at) VALUES (?, ?, ?, ?, ?, ?, ?, ?, ?, ?, ?, ?)]
[parameters: [{'location': 'Living Room', 'camera_id': 'camera_0', 'confidence': 0.6745393395423889, 'timestamp': datetime.datetime(2025, 6, 11, 21, 10, 19, 685727) ... (572 characters truncated) ... 'body_line_count': 2, 'timestamp': 1749651019.8051155}, 'leaning_angle': None, 'resolved_by': None, 'keypoint_correlation': None, 'resolved_at': None}]]
2025-06-11 21:10:19,990 - __main__ - ERROR - run_local - _handle_fall_detection - Fall detection handling error: (builtins.TypeError) Object of type float32 is not JSON serializable
[SQL: INSERT INTO incidents (timestamp, camera_id, confidence, leaning_angle, keypoint_correlation, pose_data, status, resolved_at, resolved_by, location, created_at, updated_at) VALUES (?, ?, ?, ?, ?, ?, ?, ?, ?, ?, ?, ?)]
[parameters: [{'location': 'Living Room', 'camera_id': 'camera_0', 'confidence': 0.6745393395423889, 'timestamp': datetime.datetime(2025, 6, 11, 21, 10, 19, 887108) ... (571 characters truncated) ... 'body_line_count': 2, 'timestamp': 1749651019.9858677}, 'leaning_angle': None, 'resolved_by': None, 'keypoint_correlation': None, 'resolved_at': None}]]
2025-06-11 21:10:20,235 - __main__ - ERROR - run_local - _handle_fall_detection - Fall detection handling error: (builtins.TypeError) Object of type float32 is not JSON serializable
[SQL: INSERT INTO incidents (timestamp, camera_id, confidence, leaning_angle, keypoint_correlation, pose_data, status, resolved_at, resolved_by, location, created_at, updated_at) VALUES (?, ?, ?, ?, ?, ?, ?, ?, ?, ?, ?, ?)]
[parameters: [{'location': 'Living Room', 'camera_id': 'camera_0', 'confidence': 0.9183553934097289, 'timestamp': datetime.datetime(2025, 6, 11, 21, 10, 20, 89177), ... (570 characters truncated) ... 'body_line_count': 2, 'timestamp': 1749651020.2281692}, 'leaning_angle': None, 'resolved_by': None, 'keypoint_correlation': None, 'resolved_at': None}]]
2025-06-11 21:10:20,391 - __main__ - ERROR - run_local - _handle_fall_detection - Fall detection handling error: (builtins.TypeError) Object of type float32 is not JSON serializable
[SQL: INSERT INTO incidents (timestamp, camera_id, confidence, leaning_angle, keypoint_correlation, pose_data, status, resolved_at, resolved_by, location, created_at, updated_at) VALUES (?, ?, ?, ?, ?, ?, ?, ?, ?, ?, ?, ?)]
[parameters: [{'location': 'Living Room', 'camera_id': 'camera_0', 'confidence': 0.9183553934097289, 'timestamp': datetime.datetime(2025, 6, 11, 21, 10, 20, 289442) ... (571 characters truncated) ... 'body_line_count': 2, 'timestamp': 1749651020.3870142}, 'leaning_angle': None, 'resolved_by': None, 'keypoint_correlation': None, 'resolved_at': None}]]
2025-06-11 21:10:21,768 - __main__ - ERROR - run_local - _handle_fall_detection - Fall detection handling error: (builtins.TypeError) Object of type float32 is not JSON serializable
[SQL: INSERT INTO incidents (timestamp, camera_id, confidence, leaning_angle, keypoint_correlation, pose_data, status, resolved_at, resolved_by, location, created_at, updated_at) VALUES (?, ?, ?, ?, ?, ?, ?, ?, ?, ?, ?, ?)]
[parameters: [{'location': 'Living Room', 'camera_id': 'camera_0', 'confidence': 0.95, 'timestamp': datetime.datetime(2025, 6, 11, 21, 10, 21, 717909), 'pose_data': ... (559 characters truncated) ...  'body_line_count': 2, 'timestamp': 1749651021.763538}, 'leaning_angle': None, 'resolved_by': None, 'keypoint_correlation': None, 'resolved_at': None}]]
2025-06-11 21:10:21,968 - __main__ - ERROR - run_local - _handle_fall_detection - Fall detection handling error: (builtins.TypeError) Object of type float32 is not JSON serializable
[SQL: INSERT INTO incidents (timestamp, camera_id, confidence, leaning_angle, keypoint_correlation, pose_data, status, resolved_at, resolved_by, location, created_at, updated_at) VALUES (?, ?, ?, ?, ?, ?, ?, ?, ?, ?, ?, ?)]
[parameters: [{'location': 'Living Room', 'camera_id': 'camera_0', 'confidence': 0.6963842153549195, 'timestamp': datetime.datetime(2025, 6, 11, 21, 10, 21, 920639) ... (574 characters truncated) ... 'body_line_count': 2, 'timestamp': 1749651021.9640057}, 'leaning_angle': None, 'resolved_by': None, 'keypoint_correlation': None, 'resolved_at': None}]]
2025-06-11 21:10:22,164 - __main__ - ERROR - run_local - _handle_fall_detection - Fall detection handling error: (builtins.TypeError) Object of type float32 is not JSON serializable
[SQL: INSERT INTO incidents (timestamp, camera_id, confidence, leaning_angle, keypoint_correlation, pose_data, status, resolved_at, resolved_by, location, created_at, updated_at) VALUES (?, ?, ?, ?, ?, ?, ?, ?, ?, ?, ?, ?)]
[parameters: [{'location': 'Living Room', 'camera_id': 'camera_0', 'confidence': 0.8717670321464538, 'timestamp': datetime.datetime(2025, 6, 11, 21, 10, 22, 122607) ... (573 characters truncated) ... 'body_line_count': 2, 'timestamp': 1749651022.1598284}, 'leaning_angle': None, 'resolved_by': None, 'keypoint_correlation': None, 'resolved_at': None}]]
2025-06-11 21:33:26,836 - __main__ - ERROR - run_local - _handle_fall_detection - Fall detection handling error: (builtins.TypeError) Object of type float32 is not JSON serializable
[SQL: INSERT INTO incidents (timestamp, camera_id, confidence, leaning_angle, keypoint_correlation, pose_data, status, resolved_at, resolved_by, location, created_at, updated_at) VALUES (?, ?, ?, ?, ?, ?, ?, ?, ?, ?, ?, ?)]
[parameters: [{'camera_id': 'camera_0', 'pose_data': {'keypoints': [{'name': 'left_shoulder', 'index': 5, 'x': 157.0, 'y': 112.0, 'confidence': 1.0}, {'name': 'left ... (579 characters truncated) ...  21, 33, 26, 793952), 'confidence': 0.7959330797195434, 'keypoint_correlation': None, 'leaning_angle': None, 'resolved_by': None, 'resolved_at': None}]]
2025-06-11 21:33:27,029 - __main__ - ERROR - run_local - _handle_fall_detection - Fall detection handling error: (builtins.TypeError) Object of type float32 is not JSON serializable
[SQL: INSERT INTO incidents (timestamp, camera_id, confidence, leaning_angle, keypoint_correlation, pose_data, status, resolved_at, resolved_by, location, created_at, updated_at) VALUES (?, ?, ?, ?, ?, ?, ?, ?, ?, ?, ?, ?)]
[parameters: [{'camera_id': 'camera_0', 'pose_data': {'keypoints': [{'name': 'left_shoulder', 'index': 5, 'x': 115.0, 'y': 129.0, 'confidence': 1.0}, {'name': 'left ... (580 characters truncated) ...  21, 33, 26, 995821), 'confidence': 0.7959330797195434, 'keypoint_correlation': None, 'leaning_angle': None, 'resolved_by': None, 'resolved_at': None}]]
2025-06-11 21:33:28,306 - __main__ - ERROR - run_local - _handle_fall_detection - Fall detection handling error: (builtins.TypeError) Object of type float32 is not JSON serializable
[SQL: INSERT INTO incidents (timestamp, camera_id, confidence, leaning_angle, keypoint_correlation, pose_data, status, resolved_at, resolved_by, location, created_at, updated_at) VALUES (?, ?, ?, ?, ?, ?, ?, ?, ?, ?, ?, ?)]
[parameters: [{'camera_id': 'camera_0', 'pose_data': {'keypoints': [{'name': 'left_shoulder', 'index': 5, 'x': 85.0, 'y': 148.0, 'confidence': 1.0}, {'name': 'left_ ... (576 characters truncated) ...  21, 33, 28, 214152), 'confidence': 0.6920496046543121, 'keypoint_correlation': None, 'leaning_angle': None, 'resolved_by': None, 'resolved_at': None}]]
2025-06-11 21:33:28,505 - __main__ - ERROR - run_local - _handle_fall_detection - Fall detection handling error: (builtins.TypeError) Object of type float32 is not JSON serializable
[SQL: INSERT INTO incidents (timestamp, camera_id, confidence, leaning_angle, keypoint_correlation, pose_data, status, resolved_at, resolved_by, location, created_at, updated_at) VALUES (?, ?, ?, ?, ?, ?, ?, ?, ?, ?, ?, ?)]
[parameters: [{'camera_id': 'camera_0', 'pose_data': {'keypoints': [{'name': 'left_shoulder', 'index': 5, 'x': 86.0, 'y': 148.0, 'confidence': 1.0}, {'name': 'left_ ... (562 characters truncated) ... e(2025, 6, 11, 21, 33, 28, 416778), 'confidence': 0.95, 'keypoint_correlation': None, 'leaning_angle': None, 'resolved_by': None, 'resolved_at': None}]]
2025-06-11 21:33:28,904 - __main__ - ERROR - run_local - _handle_fall_detection - Fall detection handling error: (builtins.TypeError) Object of type float32 is not JSON serializable
[SQL: INSERT INTO incidents (timestamp, camera_id, confidence, leaning_angle, keypoint_correlation, pose_data, status, resolved_at, resolved_by, location, created_at, updated_at) VALUES (?, ?, ?, ?, ?, ?, ?, ?, ?, ?, ?, ?)]
[parameters: [{'camera_id': 'camera_0', 'pose_data': {'keypoints': [{'name': 'left_shoulder', 'index': 5, 'x': 84.0, 'y': 145.0, 'confidence': 1.0}, {'name': 'left_ ... (562 characters truncated) ... e(2025, 6, 11, 21, 33, 28, 821150), 'confidence': 0.95, 'keypoint_correlation': None, 'leaning_angle': None, 'resolved_by': None, 'resolved_at': None}]]
2025-06-11 21:33:29,309 - __main__ - ERROR - run_local - _handle_fall_detection - Fall detection handling error: (builtins.TypeError) Object of type float32 is not JSON serializable
[SQL: INSERT INTO incidents (timestamp, camera_id, confidence, leaning_angle, keypoint_correlation, pose_data, status, resolved_at, resolved_by, location, created_at, updated_at) VALUES (?, ?, ?, ?, ?, ?, ?, ?, ?, ?, ?, ?)]
[parameters: [{'camera_id': 'camera_0', 'pose_data': {'keypoints': [{'name': 'left_shoulder', 'index': 5, 'x': 89.0, 'y': 148.0, 'confidence': 1.0}, {'name': 'left_ ... (562 characters truncated) ... e(2025, 6, 11, 21, 33, 29, 225425), 'confidence': 0.95, 'keypoint_correlation': None, 'leaning_angle': None, 'resolved_by': None, 'resolved_at': None}]]
2025-06-11 21:33:29,462 - __main__ - ERROR - run_local - _handle_fall_detection - Fall detection handling error: (builtins.TypeError) Object of type float32 is not JSON serializable
[SQL: INSERT INTO incidents (timestamp, camera_id, confidence, leaning_angle, keypoint_correlation, pose_data, status, resolved_at, resolved_by, location, created_at, updated_at) VALUES (?, ?, ?, ?, ?, ?, ?, ?, ?, ?, ?, ?)]
[parameters: [{'camera_id': 'camera_0', 'pose_data': {'keypoints': [{'name': 'left_shoulder', 'index': 5, 'x': 109.0, 'y': 151.0, 'confidence': 1.0}, {'name': 'left ... (577 characters truncated) ...  21, 33, 29, 429509), 'confidence': 0.7557163953781127, 'keypoint_correlation': None, 'leaning_angle': None, 'resolved_by': None, 'resolved_at': None}]]
2025-06-11 22:23:28,887 - __main__ - ERROR - run_local - initialize_components -  Component initialization failed: unhashable type: 'NotificationConfig'
2025-06-11 22:23:28,888 - __main__ - ERROR - run_local - start -  Failed to initialize components
2025-06-11 22:24:17,549 - __main__ - ERROR - run_local - initialize_components -  Component initialization failed: unhashable type: 'NotificationConfig'
2025-06-11 22:24:17,550 - __main__ - ERROR - run_local - start -  Failed to initialize components
2025-06-11 22:25:44,939 - __main__ - ERROR - run_local - initialize_components -  Component initialization failed: unhashable type: 'NotificationConfig'
2025-06-11 22:25:44,939 - __main__ - ERROR - run_local - start -  Failed to initialize components
2025-06-11 22:53:38,197 - __main__ - ERROR - run_local - _send_notifications_async - Notification sending error: name 'frame_data' is not defined
2025-06-11 22:53:39,222 - __main__ - ERROR - run_local - _send_notifications_async - Notification sending error: name 'frame_data' is not defined
2025-06-11 22:53:59,799 - __main__ - ERROR - run_local - _send_notifications_async - Notification sending error: name 'frame_data' is not defined
2025-06-11 22:54:26,308 - __main__ - ERROR - run_local - _send_notifications_async - Notification sending error: name 'frame_data' is not defined
2025-06-11 23:01:26,192 - __main__ - ERROR - run_local - initialize_components -  Component initialization failed: 'Config' object has no attribute 'display'
2025-06-11 23:01:26,194 - __main__ - ERROR - run_local - initialize_components - Traceback (most recent call last):
  File "D:\MSE\python\project\fall_detection_system\run_local.py", line 97, in initialize_components
    self.display_service = DisplayService(enable_display=self.config.display.enabled)
                                                         ^^^^^^^^^^^^^^^^^^^
AttributeError: 'Config' object has no attribute 'display'

2025-06-11 23:01:26,194 - __main__ - ERROR - run_local - start -  Failed to initialize components
2025-06-11 23:01:55,028 - __main__ - ERROR - run_local - initialize_components -  Component initialization failed: 'Config' object has no attribute 'get'
2025-06-11 23:01:55,029 - __main__ - ERROR - run_local - initialize_components - Traceback (most recent call last):
  File "D:\MSE\python\project\fall_detection_system\run_local.py", line 97, in initialize_components
    self.display_service = DisplayService(enable_display=self.config.get('display', {}).get('enable', True))
                                                         ^^^^^^^^^^^^^^^
AttributeError: 'Config' object has no attribute 'get'

2025-06-11 23:01:55,030 - __main__ - ERROR - run_local - start -  Failed to initialize components
2025-06-11 23:02:54,470 - __main__ - ERROR - run_local - _handle_fall_detection -  Fall detection handling error: 'NotificationService' object has no attribute 'is_in_cooldown'
2025-06-11 23:04:46,142 - __main__ - ERROR - run_local - _handle_fall_detection -  Fall detection handling error: 'NotificationService' object has no attribute 'alert_count_in_period'
2025-06-11 23:06:05,923 - __main__ - ERROR - run_local - _handle_fall_detection -  Fall detection handling error: float() argument must be a string or a real number, not 'dict'
2025-06-11 23:07:44,320 - __main__ - ERROR - run_local - _handle_fall_detection -  Fall detection handling error: float() argument must be a string or a real number, not 'dict'
2025-06-11 23:07:51,217 - __main__ - ERROR - run_local - _handle_fall_detection -  Fall detection handling error: float() argument must be a string or a real number, not 'dict'
2025-06-11 23:08:27,981 - __main__ - ERROR - run_local - _handle_fall_detection -  Fall detection handling error: float() argument must be a string or a real number, not 'dict'
2025-06-11 23:08:43,176 - __main__ - ERROR - run_local - _handle_fall_detection -  Fall detection handling error: float() argument must be a string or a real number, not 'dict'
2025-06-12 14:49:51,767 - __main__ - ERROR - main - initialize_components -  Component initialization failed: DisplayService.__init__() got an unexpected keyword argument 'show_fps'
2025-06-12 14:49:51,768 - __main__ - ERROR - main - initialize_components - Traceback (most recent call last):
  File "D:\MSE\python\project\fall_detection_system\app\main.py", line 102, in initialize_components
    self.display_service = DisplayService(
                           ^^^^^^^^^^^^^^^
TypeError: DisplayService.__init__() got an unexpected keyword argument 'show_fps'

2025-06-12 14:49:51,769 - __main__ - ERROR - main - start_demo -  Failed to initialize demo components
2025-06-12 14:51:32,992 - __main__ - ERROR - main - initialize_components -  Component initialization failed: APIService.__init__() got an unexpected keyword argument 'demo_system'
2025-06-12 14:51:32,993 - __main__ - ERROR - main - initialize_components - Traceback (most recent call last):
  File "D:\MSE\python\project\fall_detection_system\app\main.py", line 177, in initialize_components
    self.api_service = APIService(
                       ^^^^^^^^^^^
TypeError: APIService.__init__() got an unexpected keyword argument 'demo_system'

2025-06-12 14:51:32,994 - __main__ - ERROR - main - start_demo -  Failed to initialize demo components
2025-06-12 15:26:24,804 - __main__ - ERROR - main - initialize_components -  Failed to initialize camera
2025-06-12 15:26:24,805 - __main__ - ERROR - main - start_demo -  Failed to initialize demo components
2025-06-12 16:40:56,893 - __main__ - ERROR - main - _handle_fall_detection_demo -  Demo fall detection handling error: float() argument must be a string or a real number, not 'dict'
